<?xml version="1.0" encoding="UTF-8"?>
<coverage generated="1672168957303" clover="3.2.0">
  <project timestamp="1672168957303" name="All files">
    <metrics statements="17" coveredstatements="17" conditionals="1" coveredconditionals="0" methods="5" coveredmethods="5" elements="23" coveredelements="22" complexity="0" loc="17" ncloc="17" packages="4" files="9" classes="9"/>
    <package name="Button">
      <metrics statements="5" coveredstatements="5" conditionals="0" coveredconditionals="0" methods="1" coveredmethods="1"/>
      <file name="index.jsx" path="C:/Users/xrodc/codeland/reactnextjs/src/components/Button/index.jsx">
        <metrics statements="4" coveredstatements="4" conditionals="0" coveredconditionals="0" methods="1" coveredmethods="1"/>
        <line num="7" count="110" type="stmt"/>
        <line num="9" count="110" type="stmt"/>
        <line num="18" count="22" type="stmt"/>
        <line num="21" count="22" type="stmt"/>
      </file>
      <file name="styled.jsx" path="C:/Users/xrodc/codeland/reactnextjs/src/components/Button/styled.jsx">
        <metrics statements="1" coveredstatements="1" conditionals="0" coveredconditionals="0" methods="0" coveredmethods="0"/>
        <line num="3" count="22" type="stmt"/>
      </file>
    </package>
    <package name="PostCard">
      <metrics statements="4" coveredstatements="4" conditionals="0" coveredconditionals="0" methods="1" coveredmethods="1"/>
      <file name="index.jsx" path="C:/Users/xrodc/codeland/reactnextjs/src/components/PostCard/index.jsx">
        <metrics statements="2" coveredstatements="2" conditionals="0" coveredconditionals="0" methods="1" coveredmethods="1"/>
        <line num="5" count="50" type="stmt"/>
        <line num="21" count="9" type="stmt"/>
      </file>
      <file name="mock.js" path="C:/Users/xrodc/codeland/reactnextjs/src/components/PostCard/mock.js">
        <metrics statements="1" coveredstatements="1" conditionals="0" coveredconditionals="0" methods="0" coveredmethods="0"/>
        <line num="1" count="1" type="stmt"/>
      </file>
      <file name="styled.jsx" path="C:/Users/xrodc/codeland/reactnextjs/src/components/PostCard/styled.jsx">
        <metrics statements="1" coveredstatements="1" conditionals="0" coveredconditionals="0" methods="0" coveredmethods="0"/>
        <line num="3" count="9" type="stmt"/>
      </file>
    </package>
    <package name="Posts">
      <metrics statements="5" coveredstatements="5" conditionals="1" coveredconditionals="0" methods="2" coveredmethods="2"/>
      <file name="index.jsx" path="C:/Users/xrodc/codeland/reactnextjs/src/components/Posts/index.jsx">
        <metrics statements="4" coveredstatements="4" conditionals="1" coveredconditionals="0" methods="2" coveredmethods="2"/>
        <line num="10" count="3" type="stmt"/>
        <line num="14" count="6" type="stmt"/>
        <line num="21" count="1" type="stmt"/>
        <line num="24" count="1" type="stmt"/>
      </file>
      <file name="styled.jsx" path="C:/Users/xrodc/codeland/reactnextjs/src/components/Posts/styled.jsx">
        <metrics statements="1" coveredstatements="1" conditionals="0" coveredconditionals="0" methods="0" coveredmethods="0"/>
        <line num="3" count="1" type="stmt"/>
      </file>
    </package>
    <package name="TextInput">
      <metrics statements="3" coveredstatements="3" conditionals="0" coveredconditionals="0" methods="1" coveredmethods="1"/>
      <file name="index.jsx" path="C:/Users/xrodc/codeland/reactnextjs/src/components/TextInput/index.jsx">
        <metrics statements="2" coveredstatements="2" conditionals="0" coveredconditionals="0" methods="1" coveredmethods="1"/>
        <line num="5" count="24" type="stmt"/>
        <line num="17" count="8" type="stmt"/>
      </file>
      <file name="styled.jsx" path="C:/Users/xrodc/codeland/reactnextjs/src/components/TextInput/styled.jsx">
        <metrics statements="1" coveredstatements="1" conditionals="0" coveredconditionals="0" methods="0" coveredmethods="0"/>
        <line num="3" count="8" type="stmt"/>
      </file>
    </package>
  </project>
</coverage>
