{"C:/Users/xrodc/codeland/reactnextjs/src/components/Button/index.jsx": {"path":"C:/Users/xrodc/codeland/reactnextjs/src/components/Button/index.jsx","statementMap":{"0":{"start":{"line":7,"column":40},"end":{"line":7,"column":null}},"1":{"start":{"line":9,"column":4},"end":{"line":13,"column":null}},"2":{"start":{"line":18,"column":0},"end":{"line":20,"column":null}},"3":{"start":{"line":21,"column":0},"end":{"line":25,"column":null}}},"fnMap":{"0":{"name":"(anonymous_0)","decl":{"start":{"line":6,"column":2},"end":{"line":6,"column":11}},"loc":{"start":{"line":6,"column":11},"end":{"line":16,"column":null}}}},"branchMap":{},"s":{"0":110,"1":110,"2":22,"3":22},"f":{"0":110},"b":{}}
,"C:/Users/xrodc/codeland/reactnextjs/src/components/Button/styled.jsx": {"path":"C:/Users/xrodc/codeland/reactnextjs/src/components/Button/styled.jsx","statementMap":{"0":{"start":{"line":3,"column":25},"end":{"line":3,"column":null}}},"fnMap":{},"branchMap":{},"s":{"0":22},"f":{},"b":{}}
,"C:/Users/xrodc/codeland/reactnextjs/src/components/PostCard/index.jsx": {"path":"C:/Users/xrodc/codeland/reactnextjs/src/components/PostCard/index.jsx","statementMap":{"0":{"start":{"line":5,"column":2},"end":{"line":16,"column":null}},"1":{"start":{"line":21,"column":0},"end":{"line":26,"column":null}}},"fnMap":{"0":{"name":"PostCard","decl":{"start":{"line":4,"column":16},"end":{"line":4,"column":25}},"loc":{"start":{"line":4,"column":53},"end":{"line":19,"column":null}}}},"branchMap":{},"s":{"0":50,"1":9},"f":{"0":50},"b":{}}
,"C:/Users/xrodc/codeland/reactnextjs/src/components/PostCard/mock.js": {"path":"C:/Users/xrodc/codeland/reactnextjs/src/components/PostCard/mock.js","statementMap":{"0":{"start":{"line":1,"column":33},"end":{"line":6,"column":1}}},"fnMap":{},"branchMap":{},"s":{"0":1},"f":{},"b":{}}
,"C:/Users/xrodc/codeland/reactnextjs/src/components/PostCard/styled.jsx": {"path":"C:/Users/xrodc/codeland/reactnextjs/src/components/PostCard/styled.jsx","statementMap":{"0":{"start":{"line":3,"column":25},"end":{"line":3,"column":null}}},"fnMap":{},"branchMap":{},"s":{"0":9},"f":{},"b":{}}
,"C:/Users/xrodc/codeland/reactnextjs/src/components/Posts/index.jsx": {"path":"C:/Users/xrodc/codeland/reactnextjs/src/components/Posts/index.jsx","statementMap":{"0":{"start":{"line":10,"column":2},"end":{"line":16,"column":null}},"1":{"start":{"line":14,"column":10},"end":{"line":14,"column":34}},"2":{"start":{"line":21,"column":0},"end":{"line":23,"column":null}},"3":{"start":{"line":24,"column":0},"end":{"line":33,"column":null}}},"fnMap":{"0":{"name":"Posts","decl":{"start":{"line":9,"column":24},"end":{"line":9,"column":30}},"loc":{"start":{"line":9,"column":46},"end":{"line":19,"column":null}}},"1":{"name":"(anonymous_1)","decl":{"start":{"line":13,"column":20},"end":{"line":13,"column":null}},"loc":{"start":{"line":14,"column":10},"end":{"line":14,"column":34}}}},"branchMap":{"0":{"loc":{"start":{"line":9,"column":32},"end":{"line":9,"column":43}},"type":"default-arg","locations":[{"start":{"line":9,"column":40},"end":{"line":9,"column":43}}]}},"s":{"0":3,"1":6,"2":1,"3":1},"f":{"0":3,"1":6},"b":{"0":[0]}}
,"C:/Users/xrodc/codeland/reactnextjs/src/components/Posts/styled.jsx": {"path":"C:/Users/xrodc/codeland/reactnextjs/src/components/Posts/styled.jsx","statementMap":{"0":{"start":{"line":3,"column":25},"end":{"line":3,"column":null}}},"fnMap":{},"branchMap":{},"s":{"0":1},"f":{},"b":{}}
,"C:/Users/xrodc/codeland/reactnextjs/src/components/TextInput/index.jsx": {"path":"C:/Users/xrodc/codeland/reactnextjs/src/components/TextInput/index.jsx","statementMap":{"0":{"start":{"line":5,"column":2},"end":{"line":13,"column":null}},"1":{"start":{"line":17,"column":0},"end":{"line":20,"column":null}}},"fnMap":{"0":{"name":"TextInput","decl":{"start":{"line":4,"column":16},"end":{"line":4,"column":26}},"loc":{"start":{"line":4,"column":57},"end":{"line":16,"column":null}}}},"branchMap":{},"s":{"0":24,"1":8},"f":{"0":24},"b":{}}
,"C:/Users/xrodc/codeland/reactnextjs/src/components/TextInput/styled.jsx": {"path":"C:/Users/xrodc/codeland/reactnextjs/src/components/TextInput/styled.jsx","statementMap":{"0":{"start":{"line":3,"column":25},"end":{"line":3,"column":null}}},"fnMap":{},"branchMap":{},"s":{"0":8},"f":{},"b":{}}
}
